2024-02-10T05:31:45.046336Z 0 [System] [MY-010116] [Server] C:\Program Files\MySQL\MySQL Server 8.0\bin\mysqld.exe (mysqld 8.0.36) starting as process 4092
2024-02-10T05:31:45.116278Z 1 [System] [MY-013576] [InnoDB] InnoDB initialization has started.
2024-02-10T05:31:45.551804Z 1 [System] [MY-013577] [InnoDB] InnoDB initialization has ended.
2024-02-10T05:31:46.219249Z 0 [Warning] [MY-010068] [Server] CA certificate ca.pem is self signed.
2024-02-10T05:31:46.223822Z 0 [System] [MY-013602] [Server] Channel mysql_main configured to support TLS. Encrypted connections are now supported for this channel.
2024-02-10T05:31:46.315878Z 0 [System] [MY-011323] [Server] X Plugin ready for connections. Bind-address: '::' port: 33060
2024-02-10T05:31:46.316274Z 0 [System] [MY-010931] [Server] C:\Program Files\MySQL\MySQL Server 8.0\bin\mysqld.exe: ready for connections. Version: '8.0.36'  socket: ''  port: 3306  MySQL Community Server - GPL.
2024-02-17T16:11:19.933623Z 0 [System] [MY-013105] [Server] C:\Program Files\MySQL\MySQL Server 8.0\bin\mysqld.exe: Normal shutdown.
2024-02-17T16:11:20.862160Z 0 [System] [MY-010910] [Server] C:\Program Files\MySQL\MySQL Server 8.0\bin\mysqld.exe: Shutdown complete (mysqld 8.0.36)  MySQL Community Server - GPL.
2024-02-17T17:16:36.773678Z 0 [System] [MY-010116] [Server] C:\Program Files\MySQL\MySQL Server 8.0\bin\mysqld.exe (mysqld 8.0.36) starting as process 8224
2024-02-17T17:16:36.856894Z 1 [System] [MY-013576] [InnoDB] InnoDB initialization has started.
2024-02-17T17:16:37.151219Z 1 [System] [MY-013577] [InnoDB] InnoDB initialization has ended.
2024-02-17T17:16:37.608734Z 0 [Warning] [MY-010068] [Server] CA certificate ca.pem is self signed.
2024-02-17T17:16:37.609321Z 0 [System] [MY-013602] [Server] Channel mysql_main configured to support TLS. Encrypted connections are now supported for this channel.
2024-02-17T17:16:37.664863Z 0 [System] [MY-011323] [Server] X Plugin ready for connections. Bind-address: '::' port: 33060
2024-02-17T17:16:37.665003Z 0 [System] [MY-010931] [Server] C:\Program Files\MySQL\MySQL Server 8.0\bin\mysqld.exe: ready for connections. Version: '8.0.36'  socket: ''  port: 3306  MySQL Community Server - GPL.
2024-02-20T22:37:23.793761Z 0 [System] [MY-013105] [Server] C:\Program Files\MySQL\MySQL Server 8.0\bin\mysqld.exe: Normal shutdown.
2024-02-20T22:37:25.086871Z 0 [System] [MY-010910] [Server] C:\Program Files\MySQL\MySQL Server 8.0\bin\mysqld.exe: Shutdown complete (mysqld 8.0.36)  MySQL Community Server - GPL.
2024-02-20T22:38:04.907927Z 0 [System] [MY-010116] [Server] C:\Program Files\MySQL\MySQL Server 8.0\bin\mysqld.exe (mysqld 8.0.36) starting as process 5408
2024-02-20T22:38:04.971448Z 1 [System] [MY-013576] [InnoDB] InnoDB initialization has started.
2024-02-20T22:38:05.662410Z 1 [System] [MY-013577] [InnoDB] InnoDB initialization has ended.
2024-02-20T22:38:06.479927Z 0 [Warning] [MY-010068] [Server] CA certificate ca.pem is self signed.
2024-02-20T22:38:06.481435Z 0 [System] [MY-013602] [Server] Channel mysql_main configured to support TLS. Encrypted connections are now supported for this channel.
2024-02-20T22:38:06.622178Z 0 [System] [MY-011323] [Server] X Plugin ready for connections. Bind-address: '::' port: 33060
2024-02-20T22:38:06.622215Z 0 [System] [MY-010931] [Server] C:\Program Files\MySQL\MySQL Server 8.0\bin\mysqld.exe: ready for connections. Version: '8.0.36'  socket: ''  port: 3306  MySQL Community Server - GPL.
2024-03-02T04:17:58.632229Z 0 [System] [MY-013105] [Server] C:\Program Files\MySQL\MySQL Server 8.0\bin\mysqld.exe: Normal shutdown.
2024-03-02T04:17:59.956743Z 0 [System] [MY-010910] [Server] C:\Program Files\MySQL\MySQL Server 8.0\bin\mysqld.exe: Shutdown complete (mysqld 8.0.36)  MySQL Community Server - GPL.
2024-03-02T04:18:40.737529Z 0 [System] [MY-010116] [Server] C:\Program Files\MySQL\MySQL Server 8.0\bin\mysqld.exe (mysqld 8.0.36) starting as process 5836
2024-03-02T04:18:40.856584Z 1 [System] [MY-013576] [InnoDB] InnoDB initialization has started.
2024-03-02T04:18:42.241350Z 1 [System] [MY-013577] [InnoDB] InnoDB initialization has ended.
2024-03-02T04:18:43.860162Z 0 [Warning] [MY-010068] [Server] CA certificate ca.pem is self signed.
2024-03-02T04:18:43.861779Z 0 [System] [MY-013602] [Server] Channel mysql_main configured to support TLS. Encrypted connections are now supported for this channel.
2024-03-02T04:18:44.187744Z 0 [System] [MY-011323] [Server] X Plugin ready for connections. Bind-address: '::' port: 33060
2024-03-02T04:18:44.189928Z 0 [System] [MY-010931] [Server] C:\Program Files\MySQL\MySQL Server 8.0\bin\mysqld.exe: ready for connections. Version: '8.0.36'  socket: ''  port: 3306  MySQL Community Server - GPL.
2024-03-04T22:36:10.238681Z 0 [System] [MY-013105] [Server] C:\Program Files\MySQL\MySQL Server 8.0\bin\mysqld.exe: Normal shutdown.
2024-03-04T22:36:10.801495Z 0 [System] [MY-010910] [Server] C:\Program Files\MySQL\MySQL Server 8.0\bin\mysqld.exe: Shutdown complete (mysqld 8.0.36)  MySQL Community Server - GPL.
2024-03-04T22:36:53.077138Z 0 [System] [MY-010116] [Server] C:\Program Files\MySQL\MySQL Server 8.0\bin\mysqld.exe (mysqld 8.0.36) starting as process 5144
2024-03-04T22:36:53.162710Z 1 [System] [MY-013576] [InnoDB] InnoDB initialization has started.
2024-03-04T22:36:54.005787Z 1 [System] [MY-013577] [InnoDB] InnoDB initialization has ended.
2024-03-04T22:36:54.852896Z 0 [Warning] [MY-010068] [Server] CA certificate ca.pem is self signed.
2024-03-04T22:36:54.853942Z 0 [System] [MY-013602] [Server] Channel mysql_main configured to support TLS. Encrypted connections are now supported for this channel.
2024-03-04T22:36:54.968655Z 0 [System] [MY-011323] [Server] X Plugin ready for connections. Bind-address: '::' port: 33060
2024-03-04T22:36:54.968827Z 0 [System] [MY-010931] [Server] C:\Program Files\MySQL\MySQL Server 8.0\bin\mysqld.exe: ready for connections. Version: '8.0.36'  socket: ''  port: 3306  MySQL Community Server - GPL.
2024-03-12T03:48:49.182253Z 0 [System] [MY-013105] [Server] C:\Program Files\MySQL\MySQL Server 8.0\bin\mysqld.exe: Normal shutdown.
2024-03-12T03:48:50.003286Z 0 [System] [MY-010910] [Server] C:\Program Files\MySQL\MySQL Server 8.0\bin\mysqld.exe: Shutdown complete (mysqld 8.0.36)  MySQL Community Server - GPL.
2024-03-12T03:49:28.041185Z 0 [System] [MY-010116] [Server] C:\Program Files\MySQL\MySQL Server 8.0\bin\mysqld.exe (mysqld 8.0.36) starting as process 5340
2024-03-12T03:49:28.187241Z 1 [System] [MY-013576] [InnoDB] InnoDB initialization has started.
2024-03-12T03:49:28.266480Z 1 [ERROR] [MY-012209] [InnoDB] Multiple files found for the same tablespace ID:
2024-03-12T03:49:28.267809Z 1 [ERROR] [MY-012202] [InnoDB] Tablespace ID: 11 = ['classicmodels\payments.ibd', 'testing\city.ibd'] 
2024-03-12T03:49:28.269553Z 1 [ERROR] [MY-012930] [InnoDB] Plugin initialization aborted with error Failed, retry may succeed.
2024-03-12T03:49:28.271034Z 1 [ERROR] [MY-010334] [Server] Failed to initialize DD Storage Engine
2024-03-12T03:49:28.286744Z 0 [ERROR] [MY-010020] [Server] Data Dictionary initialization failed.
2024-03-12T03:49:28.288121Z 0 [ERROR] [MY-010119] [Server] Aborting
2024-03-12T03:49:28.291334Z 0 [System] [MY-010910] [Server] C:\Program Files\MySQL\MySQL Server 8.0\bin\mysqld.exe: Shutdown complete (mysqld 8.0.36)  MySQL Community Server - GPL.
2024-03-14T08:54:26.140317Z 0 [System] [MY-010116] [Server] C:\Program Files\MySQL\MySQL Server 8.0\bin\mysqld.exe (mysqld 8.0.36) starting as process 18540
2024-03-14T08:54:26.302647Z 1 [System] [MY-013576] [InnoDB] InnoDB initialization has started.
2024-03-14T08:54:26.627807Z 1 [ERROR] [MY-012209] [InnoDB] Multiple files found for the same tablespace ID:
2024-03-14T08:54:26.628994Z 1 [ERROR] [MY-012202] [InnoDB] Tablespace ID: 11 = ['classicmodels\payments.ibd', 'testing\city.ibd'] 
2024-03-14T08:54:26.629870Z 1 [ERROR] [MY-012930] [InnoDB] Plugin initialization aborted with error Failed, retry may succeed.
2024-03-14T08:54:26.630673Z 1 [ERROR] [MY-010334] [Server] Failed to initialize DD Storage Engine
2024-03-14T08:54:26.633495Z 0 [ERROR] [MY-010020] [Server] Data Dictionary initialization failed.
2024-03-14T08:54:26.636010Z 0 [ERROR] [MY-010119] [Server] Aborting
2024-03-14T08:54:26.638055Z 0 [System] [MY-010910] [Server] C:\Program Files\MySQL\MySQL Server 8.0\bin\mysqld.exe: Shutdown complete (mysqld 8.0.36)  MySQL Community Server - GPL.
2024-03-14T09:02:31.553048Z 0 [System] [MY-010116] [Server] C:\Program Files\MySQL\MySQL Server 8.0\bin\mysqld.exe (mysqld 8.0.36) starting as process 9596
2024-03-14T09:02:31.686310Z 1 [System] [MY-013576] [InnoDB] InnoDB initialization has started.
2024-03-14T09:02:31.807101Z 1 [ERROR] [MY-012209] [InnoDB] Multiple files found for the same tablespace ID:
2024-03-14T09:02:31.810091Z 1 [ERROR] [MY-012202] [InnoDB] Tablespace ID: 11 = ['classicmodels\payments.ibd', 'testing\city.ibd'] 
2024-03-14T09:02:31.813312Z 1 [ERROR] [MY-012930] [InnoDB] Plugin initialization aborted with error Failed, retry may succeed.
2024-03-14T09:02:31.816617Z 1 [ERROR] [MY-010334] [Server] Failed to initialize DD Storage Engine
2024-03-14T09:02:31.820910Z 0 [ERROR] [MY-010020] [Server] Data Dictionary initialization failed.
2024-03-14T09:02:31.823792Z 0 [ERROR] [MY-010119] [Server] Aborting
2024-03-14T09:02:31.830518Z 0 [System] [MY-010910] [Server] C:\Program Files\MySQL\MySQL Server 8.0\bin\mysqld.exe: Shutdown complete (mysqld 8.0.36)  MySQL Community Server - GPL.
2024-03-14T09:03:35.273444Z 0 [System] [MY-010116] [Server] C:\Program Files\MySQL\MySQL Server 8.0\bin\mysqld.exe (mysqld 8.0.36) starting as process 5904
2024-03-14T09:03:35.435453Z 1 [System] [MY-013576] [InnoDB] InnoDB initialization has started.
2024-03-14T09:03:35.562905Z 1 [ERROR] [MY-012209] [InnoDB] Multiple files found for the same tablespace ID:
2024-03-14T09:03:35.565133Z 1 [ERROR] [MY-012202] [InnoDB] Tablespace ID: 11 = ['classicmodels\payments.ibd', 'testing\city.ibd'] 
2024-03-14T09:03:35.567586Z 1 [ERROR] [MY-012930] [InnoDB] Plugin initialization aborted with error Failed, retry may succeed.
2024-03-14T09:03:35.570176Z 1 [ERROR] [MY-010334] [Server] Failed to initialize DD Storage Engine
2024-03-14T09:03:35.584986Z 0 [ERROR] [MY-010020] [Server] Data Dictionary initialization failed.
2024-03-14T09:03:35.587156Z 0 [ERROR] [MY-010119] [Server] Aborting
2024-03-14T09:03:35.593547Z 0 [System] [MY-010910] [Server] C:\Program Files\MySQL\MySQL Server 8.0\bin\mysqld.exe: Shutdown complete (mysqld 8.0.36)  MySQL Community Server - GPL.
2024-03-14T09:08:01.565946Z 0 [System] [MY-010116] [Server] C:\Program Files\MySQL\MySQL Server 8.0\bin\mysqld.exe (mysqld 8.0.36) starting as process 6396
2024-03-14T09:08:01.670646Z 1 [System] [MY-013576] [InnoDB] InnoDB initialization has started.
2024-03-14T09:08:01.989279Z 1 [ERROR] [MY-012209] [InnoDB] Multiple files found for the same tablespace ID:
2024-03-14T09:08:01.990542Z 1 [ERROR] [MY-012202] [InnoDB] Tablespace ID: 11 = ['classicmodels\payments.ibd', 'testing\city.ibd'] 
2024-03-14T09:08:01.992018Z 1 [ERROR] [MY-012930] [InnoDB] Plugin initialization aborted with error Failed, retry may succeed.
2024-03-14T09:08:01.993531Z 1 [ERROR] [MY-010334] [Server] Failed to initialize DD Storage Engine
2024-03-14T09:08:01.995238Z 0 [ERROR] [MY-010020] [Server] Data Dictionary initialization failed.
2024-03-14T09:08:01.996331Z 0 [ERROR] [MY-010119] [Server] Aborting
2024-03-14T09:08:01.997853Z 0 [System] [MY-010910] [Server] C:\Program Files\MySQL\MySQL Server 8.0\bin\mysqld.exe: Shutdown complete (mysqld 8.0.36)  MySQL Community Server - GPL.
2024-03-16T05:16:58.784754Z 0 [System] [MY-010116] [Server] C:\Program Files\MySQL\MySQL Server 8.0\bin\mysqld.exe (mysqld 8.0.36) starting as process 15352
2024-03-16T05:16:58.873589Z 1 [System] [MY-013576] [InnoDB] InnoDB initialization has started.
2024-03-16T05:16:59.072619Z 1 [ERROR] [MY-012209] [InnoDB] Multiple files found for the same tablespace ID:
2024-03-16T05:16:59.073373Z 1 [ERROR] [MY-012202] [InnoDB] Tablespace ID: 11 = ['classicmodels\payments.ibd', 'testing\city.ibd'] 
2024-03-16T05:16:59.073984Z 1 [ERROR] [MY-012930] [InnoDB] Plugin initialization aborted with error Failed, retry may succeed.
2024-03-16T05:16:59.075127Z 1 [ERROR] [MY-010334] [Server] Failed to initialize DD Storage Engine
2024-03-16T05:16:59.076272Z 0 [ERROR] [MY-010020] [Server] Data Dictionary initialization failed.
2024-03-16T05:16:59.076863Z 0 [ERROR] [MY-010119] [Server] Aborting
2024-03-16T05:16:59.077513Z 0 [System] [MY-010910] [Server] C:\Program Files\MySQL\MySQL Server 8.0\bin\mysqld.exe: Shutdown complete (mysqld 8.0.36)  MySQL Community Server - GPL.
